<?xml version="1.0" encoding="UTF-8"?>
<testng-results skipped="0" failed="0" ignored="0" total="1" passed="1">
  <reporter-output>
  </reporter-output>
  <suite name="Default suite" duration-ms="19919" started-at="2020-09-13T19:44:26Z" finished-at="2020-09-13T19:44:46Z">
    <groups>
    </groups>
    <test name="Default test" duration-ms="19919" started-at="2020-09-13T19:44:26Z" finished-at="2020-09-13T19:44:46Z">
      <class name="SeleniumAssigments.Login">
        <test-method status="PASS" signature="LoginPage()[pri:0, instance:SeleniumAssigments.Login@15b5592]" name="LoginPage" duration-ms="19877" started-at="2020-09-13T19:44:26Z" finished-at="2020-09-13T19:44:46Z">
          <reporter-output>
          </reporter-output>
        </test-method> <!-- LoginPage -->
      </class> <!-- SeleniumAssigments.Login -->
    </test> <!-- Default test -->
  </suite> <!-- Default suite -->
</testng-results>
